
avr01-blink-attiny85.elf:     file format elf32-avr


Disassembly of section .text:

00000000 <__vectors>:
   0:	0e c0       	rjmp	.+28     	; 0x1e <__ctors_end>
   2:	15 c0       	rjmp	.+42     	; 0x2e <__bad_interrupt>
   4:	14 c0       	rjmp	.+40     	; 0x2e <__bad_interrupt>
   6:	13 c0       	rjmp	.+38     	; 0x2e <__bad_interrupt>
   8:	12 c0       	rjmp	.+36     	; 0x2e <__bad_interrupt>
   a:	11 c0       	rjmp	.+34     	; 0x2e <__bad_interrupt>
   c:	10 c0       	rjmp	.+32     	; 0x2e <__bad_interrupt>
   e:	0f c0       	rjmp	.+30     	; 0x2e <__bad_interrupt>
  10:	0e c0       	rjmp	.+28     	; 0x2e <__bad_interrupt>
  12:	0d c0       	rjmp	.+26     	; 0x2e <__bad_interrupt>
  14:	0c c0       	rjmp	.+24     	; 0x2e <__bad_interrupt>
  16:	0b c0       	rjmp	.+22     	; 0x2e <__bad_interrupt>
  18:	0a c0       	rjmp	.+20     	; 0x2e <__bad_interrupt>
  1a:	09 c0       	rjmp	.+18     	; 0x2e <__bad_interrupt>
  1c:	08 c0       	rjmp	.+16     	; 0x2e <__bad_interrupt>

0000001e <__ctors_end>:
  1e:	11 24       	eor	r1, r1
  20:	1f be       	out	0x3f, r1	; 63
  22:	cf e5       	ldi	r28, 0x5F	; 95
  24:	d2 e0       	ldi	r29, 0x02	; 2
  26:	de bf       	out	0x3e, r29	; 62
  28:	cd bf       	out	0x3d, r28	; 61
  2a:	02 d0       	rcall	.+4      	; 0x30 <main>
  2c:	1b c0       	rjmp	.+54     	; 0x64 <_exit>

0000002e <__bad_interrupt>:
  2e:	e8 cf       	rjmp	.-48     	; 0x0 <__vectors>

00000030 <main>:
  30:	ba 9a       	sbi	0x17, 2	; 23
  32:	c2 98       	cbi	0x18, 2	; 24
  34:	80 e0       	ldi	r24, 0x00	; 0
  36:	31 e0       	ldi	r19, 0x01	; 1
  38:	28 2f       	mov	r18, r24
  3a:	23 27       	eor	r18, r19
  3c:	81 11       	cpse	r24, r1
  3e:	10 c0       	rjmp	.+32     	; 0x60 <__SREG__+0x21>
  40:	c2 9a       	sbi	0x18, 2	; 24
  42:	8a e0       	ldi	r24, 0x0A	; 10
  44:	90 e0       	ldi	r25, 0x00	; 0
  46:	e3 ec       	ldi	r30, 0xC3	; 195
  48:	f9 e0       	ldi	r31, 0x09	; 9
  4a:	31 97       	sbiw	r30, 0x01	; 1
  4c:	f1 f7       	brne	.-4      	; 0x4a <__SREG__+0xb>
  4e:	00 c0       	rjmp	.+0      	; 0x50 <__SREG__+0x11>
  50:	00 00       	nop
  52:	01 97       	sbiw	r24, 0x01	; 1
  54:	c1 f7       	brne	.-16     	; 0x46 <__SREG__+0x7>
  56:	82 2f       	mov	r24, r18
  58:	28 2f       	mov	r18, r24
  5a:	23 27       	eor	r18, r19
  5c:	88 23       	and	r24, r24
  5e:	81 f3       	breq	.-32     	; 0x40 <__SREG__+0x1>
  60:	c2 98       	cbi	0x18, 2	; 24
  62:	ef cf       	rjmp	.-34     	; 0x42 <__SREG__+0x3>

00000064 <_exit>:
  64:	f8 94       	cli

00000066 <__stop_program>:
  66:	ff cf       	rjmp	.-2      	; 0x66 <__stop_program>
